06/04/2024 07:44:36 PM INFO chromadb.telemetry.product.posthog Anonymized telemetry enabled. See                     https://docs.trychroma.com/telemetry for more information.
06/04/2024 07:44:36 PM INFO chromadb.telemetry.product.posthog Anonymized telemetry enabled. See                     https://docs.trychroma.com/telemetry for more information.
06/04/2024 07:44:36 PM INFO __main__ Conexión exitosa con el servidor de Chroma
06/04/2024 07:44:36 PM INFO __main__ Base de datos Chroma inicializada.
06/04/2024 07:50:07 PM INFO __main__ OK - Documentos recuperados de la base de datos Chroma.
06/04/2024 07:50:35 PM INFO chromadb.telemetry.product.posthog Anonymized telemetry enabled. See                     https://docs.trychroma.com/telemetry for more information.
06/04/2024 07:50:35 PM INFO chromadb.telemetry.product.posthog Anonymized telemetry enabled. See                     https://docs.trychroma.com/telemetry for more information.
06/04/2024 07:50:35 PM INFO __main__ Conexión exitosa con el servidor de Chroma
06/04/2024 07:50:35 PM INFO __main__ Base de datos Chroma inicializada.
06/04/2024 07:50:35 PM INFO __main__ OK - Documentos recuperados de la base de datos Chroma.
06/04/2024 07:51:25 PM INFO chromadb.telemetry.product.posthog Anonymized telemetry enabled. See                     https://docs.trychroma.com/telemetry for more information.
06/04/2024 07:51:25 PM INFO chromadb.telemetry.product.posthog Anonymized telemetry enabled. See                     https://docs.trychroma.com/telemetry for more information.
06/04/2024 07:51:25 PM INFO __main__ Conexión exitosa con el servidor de Chroma
06/04/2024 07:51:25 PM INFO __main__ Base de datos Chroma inicializada.
06/04/2024 07:51:26 PM INFO __main__ OK - Documentos recuperados de la base de datos Chroma.
06/04/2024 07:59:58 PM INFO chromadb.telemetry.product.posthog Anonymized telemetry enabled. See                     https://docs.trychroma.com/telemetry for more information.
06/04/2024 07:59:58 PM INFO chromadb.telemetry.product.posthog Anonymized telemetry enabled. See                     https://docs.trychroma.com/telemetry for more information.
06/04/2024 07:59:58 PM INFO __main__ Conexión exitosa con el servidor de Chroma
06/04/2024 07:59:58 PM INFO __main__ Base de datos Chroma inicializada.
06/04/2024 09:06:52 PM INFO chromadb.telemetry.product.posthog Anonymized telemetry enabled. See                     https://docs.trychroma.com/telemetry for more information.
06/04/2024 09:06:52 PM INFO chromadb.telemetry.product.posthog Anonymized telemetry enabled. See                     https://docs.trychroma.com/telemetry for more information.
06/04/2024 09:06:52 PM INFO __main__ Conexión exitosa con el servidor de Chroma
06/04/2024 09:06:52 PM INFO __main__ Base de datos Chroma inicializada.
06/04/2024 09:06:57 PM INFO __main__ OK - Documentos recuperados de la base de datos Chroma.
06/04/2024 09:07:47 PM INFO chromadb.telemetry.product.posthog Anonymized telemetry enabled. See                     https://docs.trychroma.com/telemetry for more information.
06/04/2024 09:07:47 PM INFO chromadb.telemetry.product.posthog Anonymized telemetry enabled. See                     https://docs.trychroma.com/telemetry for more information.
06/04/2024 09:07:47 PM INFO __main__ Conexión exitosa con el servidor de Chroma
06/04/2024 09:07:47 PM INFO __main__ Base de datos Chroma inicializada.
06/04/2024 09:07:49 PM INFO __main__ OK - Documentos recuperados de la base de datos Chroma.
06/05/2024 10:50:06 AM ERROR database.ClaseNumBOC Error: 2013 (HY000): Lost connection to MySQL server during query
06/05/2024 10:50:06 AM ERROR database.ClaseNumBOC Error: 2013 (HY000): Lost connection to MySQL server during query
06/05/2024 10:50:06 AM ERROR database.ClaseNumBOC Error: 2013 (HY000): Lost connection to MySQL server during query
06/05/2024 10:50:06 AM ERROR database.ClaseNumBOC Error: 2013 (HY000): Lost connection to MySQL server during query
06/05/2024 10:50:06 AM ERROR database.ClaseNumBOC Error: 2013 (HY000): Lost connection to MySQL server during query
06/05/2024 10:50:06 AM ERROR database.ClaseNumBOC Error: 2013 (HY000): Lost connection to MySQL server during query
06/05/2024 10:50:06 AM ERROR database.ClaseNumBOC Error: 2013 (HY000): Lost connection to MySQL server during query
06/05/2024 10:50:06 AM ERROR database.ClaseNumBOC Error: 2013 (HY000): Lost connection to MySQL server during query
06/05/2024 10:50:06 AM ERROR database.ClaseNumBOC Error: 2013 (HY000): Lost connection to MySQL server during query
06/05/2024 10:50:06 AM ERROR database.ClaseNumBOC Error: 2013 (HY000): Lost connection to MySQL server during query
06/05/2024 10:50:06 AM ERROR database.ClaseNumBOC Error: 2013 (HY000): Lost connection to MySQL server during query
06/05/2024 10:50:06 AM ERROR database.ClaseNumBOC Error: 2013 (HY000): Lost connection to MySQL server during query
06/05/2024 10:50:07 AM ERROR database.ClaseNumBOC Error: 2013 (HY000): Lost connection to MySQL server during query
06/05/2024 10:50:07 AM ERROR database.ClaseNumBOC Error: 2013 (HY000): Lost connection to MySQL server during query
06/05/2024 10:50:07 AM ERROR database.ClaseNumBOC Error: 2013 (HY000): Lost connection to MySQL server during query
06/05/2024 11:15:02 AM INFO chromadb.telemetry.product.posthog Anonymized telemetry enabled. See                     https://docs.trychroma.com/telemetry for more information.
06/05/2024 11:15:02 AM INFO chromadb.telemetry.product.posthog Anonymized telemetry enabled. See                     https://docs.trychroma.com/telemetry for more information.
06/05/2024 11:15:02 AM INFO storage.ChromaVectorStore Conexión exitosa con el servidor de Chroma
06/05/2024 11:15:02 AM INFO storage.ChromaVectorStore Base de datos Chroma inicializada.
06/05/2024 05:29:49 PM ERROR database.ClaseNumBOC Error: 2013 (HY000): Lost connection to MySQL server during query
06/05/2024 05:29:49 PM ERROR database.ClaseNumBOC Error: 2013 (HY000): Lost connection to MySQL server during query
06/05/2024 05:29:49 PM ERROR database.ClaseNumBOC Error: 2013 (HY000): Lost connection to MySQL server during query
06/05/2024 05:29:49 PM ERROR database.ClaseNumBOC Error: 2013 (HY000): Lost connection to MySQL server during query
06/05/2024 05:29:49 PM ERROR database.ClaseNumBOC Error: 2013 (HY000): Lost connection to MySQL server during query
06/05/2024 05:29:49 PM ERROR database.ClaseNumBOC Error: 2013 (HY000): Lost connection to MySQL server during query
06/05/2024 05:32:15 PM INFO loadpdf.LoadPDF Procesado bloque hasta índice: 39
06/06/2024 08:52:03 AM INFO chromadb.telemetry.product.posthog Anonymized telemetry enabled. See                     https://docs.trychroma.com/telemetry for more information.
06/06/2024 08:52:03 AM INFO chromadb.telemetry.product.posthog Anonymized telemetry enabled. See                     https://docs.trychroma.com/telemetry for more information.
06/06/2024 08:52:03 AM INFO storage.ChromaVectorStore Conexión exitosa con el servidor de Chroma
06/06/2024 08:52:03 AM INFO storage.ChromaVectorStore Base de datos Chroma inicializada.
06/06/2024 08:52:11 AM INFO storage.ChromaVectorStore OK - Documentos recuperados de la base de datos Chroma.
06/06/2024 08:52:11 AM INFO __main__ Contexto recuperado de la base de datos Chroma.
06/06/2024 08:52:11 AM ERROR __main__ Error al obtener respuesta del modelo de lenguaje: 'async for' requires an object with __aiter__ method, got coroutine
06/06/2024 08:56:05 AM INFO chromadb.telemetry.product.posthog Anonymized telemetry enabled. See                     https://docs.trychroma.com/telemetry for more information.
06/06/2024 08:56:05 AM INFO chromadb.telemetry.product.posthog Anonymized telemetry enabled. See                     https://docs.trychroma.com/telemetry for more information.
06/06/2024 08:56:05 AM INFO storage.ChromaVectorStore Conexión exitosa con el servidor de Chroma
06/06/2024 08:56:05 AM INFO storage.ChromaVectorStore Base de datos Chroma inicializada.
06/06/2024 08:56:06 AM INFO storage.ChromaVectorStore OK - Documentos recuperados de la base de datos Chroma.
06/06/2024 08:56:06 AM INFO __main__ Contexto recuperado de la base de datos Chroma.
06/06/2024 08:56:06 AM INFO httpx HTTP Request: POST http://localhost:11434/api/chat "HTTP/1.1 200 OK"
06/06/2024 08:58:27 AM INFO chromadb.telemetry.product.posthog Anonymized telemetry enabled. See                     https://docs.trychroma.com/telemetry for more information.
06/06/2024 08:58:27 AM INFO chromadb.telemetry.product.posthog Anonymized telemetry enabled. See                     https://docs.trychroma.com/telemetry for more information.
06/06/2024 08:58:27 AM INFO storage.ChromaVectorStore Conexión exitosa con el servidor de Chroma
06/06/2024 08:58:27 AM INFO storage.ChromaVectorStore Base de datos Chroma inicializada.
06/06/2024 08:58:28 AM INFO storage.ChromaVectorStore OK - Documentos recuperados de la base de datos Chroma.
06/06/2024 08:58:28 AM INFO __main__ Contexto recuperado de la base de datos Chroma.
06/06/2024 08:58:29 AM INFO httpx HTTP Request: POST http://localhost:11434/api/chat "HTTP/1.1 200 OK"
